commit 15a87d3e7350f856a6cd90a70b2bcf6a163f1550
Author: [Shalev Doron] <shalevdm@gmail.com>
Date:   Mon Mar 3 12:17:16 2025 +0200

    Added Question 4 implementation will come back to it, didnt mange eto load the new plots into the 3_1 folder

commit b8bda990764ab6c141a657ea46ebc42050aee6c9
Author: [Shalev Doron] <shalevdm@gmail.com>
Date:   Sat Mar 1 18:44:46 2025 +0200

    BugID:234|CurrDateTime:2025-03-01 18:44:46|Branch.Name:question_3|DevName:[Shalev Doron]|Priority:3|Excel.Description:File name should contain date in header|Dev.Description:Fixed formatting in header section

commit 2fae4425d7ef0c79e6579bf7fdd3f3b56f349d52
Author: [Shalev Doron] <shalevdm@gmail.com>
Date:   Sat Mar 1 17:30:50 2025 +0200

     added git commit history log of qustion_2 and Q2

commit 4cbb4bb05224ba43ff96c5dbcaeebeaa6f0427cb
Author: [Shalev Doron] <shalevdm@gmail.com>
Date:   Tue Feb 18 15:26:38 2025 +0200

    Add git_commits.log file with commit history sorry for all the back and forth it took me a while

commit 5e8bbe7be32a659e01145669c0ce81c7683a2683
Author: [Shalev Doron] <shalevdm@gmail.com>
Date:   Tue Feb 18 13:17:45 2025 +0200

    added DOWNLOAD file with the download.tar.gz extracted inside it

commit 40e7de064014c834e14dad0e6b32c98014d009b1
Author: [Shalev Doron] <shalevdm@gmail.com>
Date:   Tue Feb 18 12:55:55 2025 +0200

    START
